--------------------
./configure --prefix=/tmp/zlib-1.2.3
2019年 05月 14日 星期二 18:17:02 CST
Checking for gcc...
=== ztest119160.c ===
extern int getchar();
int hello() {return getchar();}
===
gcc -c ztest119160.c
... using gcc

Checking for obsessive-compulsive compiler options...
=== ztest119160.c ===
int foo() { return 0; }
===
gcc -c -O3 ztest119160.c

Checking for shared library support...
=== ztest119160.c ===
extern int getchar();
int hello() {return getchar();}
===
gcc -w -c -O3 -fPIC ztest119160.c
gcc -shared -Wl,-soname,libz.so.1,--version-script,zlib.map -O3 -fPIC -o ztest119160.so ztest119160.o
Building shared library libz.so.1.2.11 with gcc.

=== ztest119160.c ===
#include <stdio.h>
#include <stdlib.h>
size_t dummy = 0;
===
gcc -c -O3 ztest119160.c
Checking for size_t... Yes.


=== ztest119160.c ===
#include <sys/types.h>
off64_t dummy = 0;
===
gcc -c -O3 -D_LARGEFILE64_SOURCE=1 ztest119160.c
Checking for off64_t... Yes.
Checking for fseeko... Yes.

=== ztest119160.c ===
#include <string.h>
#include <errno.h>
int main() { return strlen(strerror(errno)); }
===
gcc -O3 -D_LARGEFILE64_SOURCE=1 -o ztest119160 ztest119160.c
Checking for strerror... Yes.

=== ztest119160.c ===
#include <unistd.h>
int main() { return 0; }
===
gcc -c -O3 -D_LARGEFILE64_SOURCE=1 ztest119160.c
Checking for unistd.h... Yes.

=== ztest119160.c ===
#include <stdarg.h>
int main() { return 0; }
===
gcc -c -O3 -D_LARGEFILE64_SOURCE=1 ztest119160.c
Checking for stdarg.h... Yes.

=== ztest119160.c ===
#include <stdio.h>
#include <stdarg.h>
#include "zconf.h"
int main()
{
#ifndef STDC
  choke me
#endif
  return 0;
}
===
gcc -c -O3 -D_LARGEFILE64_SOURCE=1 ztest119160.c
Checking whether to use vs[n]printf() or s[n]printf()... using vs[n]printf().

=== ztest119160.c ===
#include <stdio.h>
#include <stdarg.h>
int mytest(const char *fmt, ...)
{
  char buf[20];
  va_list ap;
  va_start(ap, fmt);
  vsnprintf(buf, sizeof(buf), fmt, ap);
  va_end(ap);
  return 0;
}
int main()
{
  return (mytest("Hello%d\n", 1));
}
===
gcc -O3 -D_LARGEFILE64_SOURCE=1 -o ztest119160 ztest119160.c
Checking for vsnprintf() in stdio.h... Yes.

=== ztest119160.c ===
#include <stdio.h>
#include <stdarg.h>
int mytest(const char *fmt, ...)
{
  int n;
  char buf[20];
  va_list ap;
  va_start(ap, fmt);
  n = vsnprintf(buf, sizeof(buf), fmt, ap);
  va_end(ap);
  return n;
}
int main()
{
  return (mytest("Hello%d\n", 1));
}
===
gcc -c -O3 -D_LARGEFILE64_SOURCE=1 ztest119160.c
Checking for return value of vsnprintf()... Yes.

=== ztest119160.c ===
#define ZLIB_INTERNAL __attribute__((visibility ("hidden")))
int ZLIB_INTERNAL foo;
int main()
{
  return 0;
}
===
gcc -c -O3 -D_LARGEFILE64_SOURCE=1 ztest119160.c
Checking for attribute(visibility) support... Yes.

ALL = static shared all64
AR = ar
ARFLAGS = rc
CC = gcc
CFLAGS = -O3 -D_LARGEFILE64_SOURCE=1 -DHAVE_HIDDEN
CPP = gcc -E
EXE =
LDCONFIG = ldconfig
LDFLAGS =
LDSHARED = gcc -shared -Wl,-soname,libz.so.1,--version-script,zlib.map
LDSHAREDLIBC = -lc
OBJC = $(OBJZ) $(OBJG)
PIC_OBJC = $(PIC_OBJZ) $(PIC_OBJG)
RANLIB = ranlib
SFLAGS = -O3 -fPIC -D_LARGEFILE64_SOURCE=1 -DHAVE_HIDDEN
SHAREDLIB = libz.so
SHAREDLIBM = libz.so.1
SHAREDLIBV = libz.so.1.2.11
STATICLIB = libz.a
TEST = all teststatic testshared test64
VER = 1.2.11
Z_U4 =
SRCDIR =
exec_prefix = ${prefix}
includedir = ${prefix}/include
libdir = ${exec_prefix}/lib
mandir = ${prefix}/share/man
prefix = /tmp/zlib-1.2.3
sharedlibdir = ${libdir}
uname = Linux
--------------------


--------------------
./configure --prefix=/tmp/zlib-1.2.3
2019年 05月 14日 星期二 18:33:25 CST
Checking for gcc...
=== ztest30375.c ===
extern int getchar();
int hello() {return getchar();}
===
gcc -c ztest30375.c
... using gcc

Checking for obsessive-compulsive compiler options...
=== ztest30375.c ===
int foo() { return 0; }
===
gcc -c -O3 ztest30375.c

Checking for shared library support...
=== ztest30375.c ===
extern int getchar();
int hello() {return getchar();}
===
gcc -w -c -O3 -fPIC ztest30375.c
gcc -shared -Wl,-soname,libz.so.1,--version-script,zlib.map -O3 -fPIC -o ztest30375.so ztest30375.o
Building shared library libz.so.1.2.11 with gcc.

=== ztest30375.c ===
#include <stdio.h>
#include <stdlib.h>
size_t dummy = 0;
===
gcc -c -O3 ztest30375.c
Checking for size_t... Yes.


=== ztest30375.c ===
#include <sys/types.h>
off64_t dummy = 0;
===
gcc -c -O3 -D_LARGEFILE64_SOURCE=1 ztest30375.c
Checking for off64_t... Yes.
Checking for fseeko... Yes.

=== ztest30375.c ===
#include <string.h>
#include <errno.h>
int main() { return strlen(strerror(errno)); }
===
gcc -O3 -D_LARGEFILE64_SOURCE=1 -o ztest30375 ztest30375.c
Checking for strerror... Yes.

=== ztest30375.c ===
#include <unistd.h>
int main() { return 0; }
===
gcc -c -O3 -D_LARGEFILE64_SOURCE=1 ztest30375.c
Checking for unistd.h... Yes.

=== ztest30375.c ===
#include <stdarg.h>
int main() { return 0; }
===
gcc -c -O3 -D_LARGEFILE64_SOURCE=1 ztest30375.c
Checking for stdarg.h... Yes.

=== ztest30375.c ===
#include <stdio.h>
#include <stdarg.h>
#include "zconf.h"
int main()
{
#ifndef STDC
  choke me
#endif
  return 0;
}
===
gcc -c -O3 -D_LARGEFILE64_SOURCE=1 ztest30375.c
Checking whether to use vs[n]printf() or s[n]printf()... using vs[n]printf().

=== ztest30375.c ===
#include <stdio.h>
#include <stdarg.h>
int mytest(const char *fmt, ...)
{
  char buf[20];
  va_list ap;
  va_start(ap, fmt);
  vsnprintf(buf, sizeof(buf), fmt, ap);
  va_end(ap);
  return 0;
}
int main()
{
  return (mytest("Hello%d\n", 1));
}
===
gcc -O3 -D_LARGEFILE64_SOURCE=1 -o ztest30375 ztest30375.c
Checking for vsnprintf() in stdio.h... Yes.

=== ztest30375.c ===
#include <stdio.h>
#include <stdarg.h>
int mytest(const char *fmt, ...)
{
  int n;
  char buf[20];
  va_list ap;
  va_start(ap, fmt);
  n = vsnprintf(buf, sizeof(buf), fmt, ap);
  va_end(ap);
  return n;
}
int main()
{
  return (mytest("Hello%d\n", 1));
}
===
gcc -c -O3 -D_LARGEFILE64_SOURCE=1 ztest30375.c
Checking for return value of vsnprintf()... Yes.

=== ztest30375.c ===
#define ZLIB_INTERNAL __attribute__((visibility ("hidden")))
int ZLIB_INTERNAL foo;
int main()
{
  return 0;
}
===
gcc -c -O3 -D_LARGEFILE64_SOURCE=1 ztest30375.c
Checking for attribute(visibility) support... Yes.

ALL = static shared all64
AR = ar
ARFLAGS = rc
CC = gcc
CFLAGS = -O3 -D_LARGEFILE64_SOURCE=1 -DHAVE_HIDDEN
CPP = gcc -E
EXE =
LDCONFIG = ldconfig
LDFLAGS =
LDSHARED = gcc -shared -Wl,-soname,libz.so.1,--version-script,zlib.map
LDSHAREDLIBC = -lc
OBJC = $(OBJZ) $(OBJG)
PIC_OBJC = $(PIC_OBJZ) $(PIC_OBJG)
RANLIB = ranlib
SFLAGS = -O3 -fPIC -D_LARGEFILE64_SOURCE=1 -DHAVE_HIDDEN
SHAREDLIB = libz.so
SHAREDLIBM = libz.so.1
SHAREDLIBV = libz.so.1.2.11
STATICLIB = libz.a
TEST = all teststatic testshared test64
VER = 1.2.11
Z_U4 =
SRCDIR =
exec_prefix = ${prefix}
includedir = ${prefix}/include
libdir = ${exec_prefix}/lib
mandir = ${prefix}/share/man
prefix = /tmp/zlib-1.2.3
sharedlibdir = ${libdir}
uname = Linux
--------------------


--------------------
./configure --prefix=/tmp/zlib-1.2.3 --host=arm-none-linux-gnueabi
2019年 05月 14日 星期二 18:35:39 CST
unknown option: --host=arm-none-linux-gnueabi
./configure --help for help
** ./configure aborting.
--------------------


--------------------
./configure --prefix=/tmp/zlib-1.2.3 --host=arm-none-linux-gnueabi
2019年 05月 14日 星期二 18:35:45 CST
unknown option: --host=arm-none-linux-gnueabi
./configure --help for help
** ./configure aborting.
--------------------


--------------------
./configure --prefix=/tmp/zlib-1.2.3 --host=arm-none-linux-gnueabi
2019年 05月 14日 星期二 18:36:11 CST
unknown option: --host=arm-none-linux-gnueabi
./configure --help for help
** ./configure aborting.
--------------------


--------------------
./configure --prefix=/tmp/zlib-1.2.3 --host=arm-linux
2019年 05月 14日 星期二 18:36:18 CST
unknown option: --host=arm-linux
./configure --help for help
** ./configure aborting.
--------------------


--------------------
./configure -h
2019年 05月 14日 星期二 18:36:23 CST
usage:
  configure [--const] [--zprefix] [--prefix=PREFIX]  [--eprefix=EXPREFIX]
    [--static] [--64] [--libdir=LIBDIR] [--sharedlibdir=LIBDIR]
    [--includedir=INCLUDEDIR] [--archs="-arch i386 -arch x86_64"]
--------------------
./configure --prefix=/tmp/zlib-1.2.3
2019年 05月 14日 星期二 18:37:26 CST
Checking for gcc...
=== ztest30625.c ===
extern int getchar();
int hello() {return getchar();}
===
gcc -c ztest30625.c
... using gcc

Checking for obsessive-compulsive compiler options...
=== ztest30625.c ===
int foo() { return 0; }
===
gcc -c -O3 ztest30625.c

Checking for shared library support...
=== ztest30625.c ===
extern int getchar();
int hello() {return getchar();}
===
gcc -w -c -O3 -fPIC ztest30625.c
gcc -shared -Wl,-soname,libz.so.1,--version-script,zlib.map -O3 -fPIC -o ztest30625.so ztest30625.o
Building shared library libz.so.1.2.11 with gcc.

=== ztest30625.c ===
#include <stdio.h>
#include <stdlib.h>
size_t dummy = 0;
===
gcc -c -O3 ztest30625.c
Checking for size_t... Yes.


=== ztest30625.c ===
#include <sys/types.h>
off64_t dummy = 0;
===
gcc -c -O3 -D_LARGEFILE64_SOURCE=1 ztest30625.c
Checking for off64_t... Yes.
Checking for fseeko... Yes.

=== ztest30625.c ===
#include <string.h>
#include <errno.h>
int main() { return strlen(strerror(errno)); }
===
gcc -O3 -D_LARGEFILE64_SOURCE=1 -o ztest30625 ztest30625.c
Checking for strerror... Yes.

=== ztest30625.c ===
#include <unistd.h>
int main() { return 0; }
===
gcc -c -O3 -D_LARGEFILE64_SOURCE=1 ztest30625.c
Checking for unistd.h... Yes.

=== ztest30625.c ===
#include <stdarg.h>
int main() { return 0; }
===
gcc -c -O3 -D_LARGEFILE64_SOURCE=1 ztest30625.c
Checking for stdarg.h... Yes.

=== ztest30625.c ===
#include <stdio.h>
#include <stdarg.h>
#include "zconf.h"
int main()
{
#ifndef STDC
  choke me
#endif
  return 0;
}
===
gcc -c -O3 -D_LARGEFILE64_SOURCE=1 ztest30625.c
Checking whether to use vs[n]printf() or s[n]printf()... using vs[n]printf().

=== ztest30625.c ===
#include <stdio.h>
#include <stdarg.h>
int mytest(const char *fmt, ...)
{
  char buf[20];
  va_list ap;
  va_start(ap, fmt);
  vsnprintf(buf, sizeof(buf), fmt, ap);
  va_end(ap);
  return 0;
}
int main()
{
  return (mytest("Hello%d\n", 1));
}
===
gcc -O3 -D_LARGEFILE64_SOURCE=1 -o ztest30625 ztest30625.c
Checking for vsnprintf() in stdio.h... Yes.

=== ztest30625.c ===
#include <stdio.h>
#include <stdarg.h>
int mytest(const char *fmt, ...)
{
  int n;
  char buf[20];
  va_list ap;
  va_start(ap, fmt);
  n = vsnprintf(buf, sizeof(buf), fmt, ap);
  va_end(ap);
  return n;
}
int main()
{
  return (mytest("Hello%d\n", 1));
}
===
gcc -c -O3 -D_LARGEFILE64_SOURCE=1 ztest30625.c
Checking for return value of vsnprintf()... Yes.

=== ztest30625.c ===
#define ZLIB_INTERNAL __attribute__((visibility ("hidden")))
int ZLIB_INTERNAL foo;
int main()
{
  return 0;
}
===
gcc -c -O3 -D_LARGEFILE64_SOURCE=1 ztest30625.c
Checking for attribute(visibility) support... Yes.

ALL = static shared all64
AR = ar
ARFLAGS = rc
CC = gcc
CFLAGS = -O3 -D_LARGEFILE64_SOURCE=1 -DHAVE_HIDDEN
CPP = gcc -E
EXE =
LDCONFIG = ldconfig
LDFLAGS =
LDSHARED = gcc -shared -Wl,-soname,libz.so.1,--version-script,zlib.map
LDSHAREDLIBC = -lc
OBJC = $(OBJZ) $(OBJG)
PIC_OBJC = $(PIC_OBJZ) $(PIC_OBJG)
RANLIB = ranlib
SFLAGS = -O3 -fPIC -D_LARGEFILE64_SOURCE=1 -DHAVE_HIDDEN
SHAREDLIB = libz.so
SHAREDLIBM = libz.so.1
SHAREDLIBV = libz.so.1.2.11
STATICLIB = libz.a
TEST = all teststatic testshared test64
VER = 1.2.11
Z_U4 =
SRCDIR =
exec_prefix = ${prefix}
includedir = ${prefix}/include
libdir = ${exec_prefix}/lib
mandir = ${prefix}/share/man
prefix = /tmp/zlib-1.2.3
sharedlibdir = ${libdir}
uname = Linux
--------------------


--------------------
./configure --prefix=/tmp/zlib-1.2.3 --host=arm
2019年 05月 14日 星期二 18:37:35 CST
unknown option: --host=arm
./configure --help for help
** ./configure aborting.
--------------------


--------------------
./configure --help
2019年 05月 14日 星期二 18:37:47 CST
usage:
  configure [--const] [--zprefix] [--prefix=PREFIX]  [--eprefix=EXPREFIX]
    [--static] [--64] [--libdir=LIBDIR] [--sharedlibdir=LIBDIR]
    [--includedir=INCLUDEDIR] [--archs="-arch i386 -arch x86_64"]
