--------------------
./configure -h
2019年 04月 23日 星期二 11:03:40 CST
usage:
  configure [--const] [--zprefix] [--prefix=PREFIX]  [--eprefix=EXPREFIX]
    [--static] [--64] [--libdir=LIBDIR] [--sharedlibdir=LIBDIR]
    [--includedir=INCLUDEDIR] [--archs="-arch i386 -arch x86_64"]
--------------------
./configure -h
2019年 04月 23日 星期二 11:03:49 CST
usage:
  configure [--const] [--zprefix] [--prefix=PREFIX]  [--eprefix=EXPREFIX]
    [--static] [--64] [--libdir=LIBDIR] [--sharedlibdir=LIBDIR]
    [--includedir=INCLUDEDIR] [--archs="-arch i386 -arch x86_64"]
--------------------
./configure --prefix=./configure --prefix=/home/huanghm/work/kanontec_lib/zlib/install
2019年 04月 23日 星期二 11:04:41 CST
Checking for gcc...
=== ztest99966.c ===
extern int getchar();
int hello() {return getchar();}
===
gcc -c ztest99966.c
... using gcc

Checking for obsessive-compulsive compiler options...
=== ztest99966.c ===
int foo() { return 0; }
===
gcc -c -O3 ztest99966.c

Checking for shared library support...
=== ztest99966.c ===
extern int getchar();
int hello() {return getchar();}
===
gcc -w -c -O3 -fPIC ztest99966.c
gcc -shared -Wl,-soname,libz.so.1,--version-script,zlib.map -O3 -fPIC -o ztest99966.so ztest99966.o
Building shared library libz.so.1.2.8 with gcc.

=== ztest99966.c ===
#include <sys/types.h>
off64_t dummy = 0;
===
gcc -c -O3 -D_LARGEFILE64_SOURCE=1 ztest99966.c
Checking for off64_t... Yes.
Checking for fseeko... Yes.

=== ztest99966.c ===
#include <string.h>
#include <errno.h>
int main() { return strlen(strerror(errno)); }
===
gcc -O3 -D_LARGEFILE64_SOURCE=1 -o ztest99966 ztest99966.c
Checking for strerror... Yes.

=== ztest99966.c ===
#include <unistd.h>
int main() { return 0; }
===
gcc -c -O3 -D_LARGEFILE64_SOURCE=1 ztest99966.c
Checking for unistd.h... Yes.

=== ztest99966.c ===
#include <stdarg.h>
int main() { return 0; }
===
gcc -c -O3 -D_LARGEFILE64_SOURCE=1 ztest99966.c
Checking for stdarg.h... Yes.

=== ztest99966.c ===
#include <stdio.h>
#include <stdarg.h>
#include "zconf.h"
int main()
{
#ifndef STDC
  choke me
#endif
  return 0;
}
===
gcc -c -O3 -D_LARGEFILE64_SOURCE=1 ztest99966.c
Checking whether to use vs[n]printf() or s[n]printf()... using vs[n]printf().

=== ztest99966.c ===
#include <stdio.h>
#include <stdarg.h>
int mytest(const char *fmt, ...)
{
  char buf[20];
  va_list ap;
  va_start(ap, fmt);
  vsnprintf(buf, sizeof(buf), fmt, ap);
  va_end(ap);
  return 0;
}
int main()
{
  return (mytest("Hello%d\n", 1));
}
===
gcc -O3 -D_LARGEFILE64_SOURCE=1 -o ztest99966 ztest99966.c
Checking for vsnprintf() in stdio.h... Yes.

=== ztest99966.c ===
#include <stdio.h>
#include <stdarg.h>
int mytest(const char *fmt, ...)
{
  int n;
  char buf[20];
  va_list ap;
  va_start(ap, fmt);
  n = vsnprintf(buf, sizeof(buf), fmt, ap);
  va_end(ap);
  return n;
}
int main()
{
  return (mytest("Hello%d\n", 1));
}
===
gcc -c -O3 -D_LARGEFILE64_SOURCE=1 ztest99966.c
Checking for return value of vsnprintf()... Yes.

=== ztest99966.c ===
#define ZLIB_INTERNAL __attribute__((visibility ("hidden")))
int ZLIB_INTERNAL foo;
int main()
{
  return 0;
}
===
gcc -c -O3 -D_LARGEFILE64_SOURCE=1 ztest99966.c
Checking for attribute(visibility) support... Yes.

ALL = static shared all64
AR = ar
ARFLAGS = rc
CC = gcc
CFLAGS = -O3 -D_LARGEFILE64_SOURCE=1 -DHAVE_HIDDEN
CPP = gcc -E
EXE =
LDCONFIG = ldconfig
LDFLAGS =
LDSHARED = gcc -shared -Wl,-soname,libz.so.1,--version-script,zlib.map
LDSHAREDLIBC = -lc
OBJC = $(OBJZ) $(OBJG)
PIC_OBJC = $(PIC_OBJZ) $(PIC_OBJG)
RANLIB = ranlib
SFLAGS = -O3 -fPIC -D_LARGEFILE64_SOURCE=1 -DHAVE_HIDDEN
SHAREDLIB = libz.so
SHAREDLIBM = libz.so.1
SHAREDLIBV = libz.so.1.2.8
STATICLIB = libz.a
TEST = all teststatic testshared test64
VER = 1.2.8
Z_U4 =
exec_prefix = ${prefix}
includedir = ${prefix}/include
libdir = ${exec_prefix}/lib
mandir = ${prefix}/share/man
prefix = /home/huanghm/work/kanontec_lib/zlib/install
sharedlibdir = ${libdir}
uname = Linux
--------------------


--------------------
./configure --prefix=./configure --prefix=/home/huanghm/work/konke_lib/zlib/zlib-1.2.8/../install
2019年 05月 16日 星期四 11:05:02 CST
Checking for gcc...
=== ztest12687.c ===
extern int getchar();
int hello() {return getchar();}
===
gcc -c ztest12687.c
... using gcc

Checking for obsessive-compulsive compiler options...
=== ztest12687.c ===
int foo() { return 0; }
===
gcc -c -O3 ztest12687.c

Checking for shared library support...
=== ztest12687.c ===
extern int getchar();
int hello() {return getchar();}
===
gcc -w -c -O3 -fPIC ztest12687.c
gcc -shared -Wl,-soname,libz.so.1,--version-script,zlib.map -O3 -fPIC -o ztest12687.so ztest12687.o
Building shared library libz.so.1.2.8 with gcc.

=== ztest12687.c ===
#include <sys/types.h>
off64_t dummy = 0;
===
gcc -c -O3 -D_LARGEFILE64_SOURCE=1 ztest12687.c
Checking for off64_t... Yes.
Checking for fseeko... Yes.

=== ztest12687.c ===
#include <string.h>
#include <errno.h>
int main() { return strlen(strerror(errno)); }
===
gcc -O3 -D_LARGEFILE64_SOURCE=1 -o ztest12687 ztest12687.c
Checking for strerror... Yes.

=== ztest12687.c ===
#include <unistd.h>
int main() { return 0; }
===
gcc -c -O3 -D_LARGEFILE64_SOURCE=1 ztest12687.c
Checking for unistd.h... Yes.

=== ztest12687.c ===
#include <stdarg.h>
int main() { return 0; }
===
gcc -c -O3 -D_LARGEFILE64_SOURCE=1 ztest12687.c
Checking for stdarg.h... Yes.

=== ztest12687.c ===
#include <stdio.h>
#include <stdarg.h>
#include "zconf.h"
int main()
{
#ifndef STDC
  choke me
#endif
  return 0;
}
===
gcc -c -O3 -D_LARGEFILE64_SOURCE=1 ztest12687.c
Checking whether to use vs[n]printf() or s[n]printf()... using vs[n]printf().

=== ztest12687.c ===
#include <stdio.h>
#include <stdarg.h>
int mytest(const char *fmt, ...)
{
  char buf[20];
  va_list ap;
  va_start(ap, fmt);
  vsnprintf(buf, sizeof(buf), fmt, ap);
  va_end(ap);
  return 0;
}
int main()
{
  return (mytest("Hello%d\n", 1));
}
===
gcc -O3 -D_LARGEFILE64_SOURCE=1 -o ztest12687 ztest12687.c
Checking for vsnprintf() in stdio.h... Yes.

=== ztest12687.c ===
#include <stdio.h>
#include <stdarg.h>
int mytest(const char *fmt, ...)
{
  int n;
  char buf[20];
  va_list ap;
  va_start(ap, fmt);
  n = vsnprintf(buf, sizeof(buf), fmt, ap);
  va_end(ap);
  return n;
}
int main()
{
  return (mytest("Hello%d\n", 1));
}
===
gcc -c -O3 -D_LARGEFILE64_SOURCE=1 ztest12687.c
Checking for return value of vsnprintf()... Yes.

=== ztest12687.c ===
#define ZLIB_INTERNAL __attribute__((visibility ("hidden")))
int ZLIB_INTERNAL foo;
int main()
{
  return 0;
}
===
gcc -c -O3 -D_LARGEFILE64_SOURCE=1 ztest12687.c
Checking for attribute(visibility) support... Yes.

ALL = static shared all64
AR = ar
ARFLAGS = rc
CC = gcc
CFLAGS = -O3 -D_LARGEFILE64_SOURCE=1 -DHAVE_HIDDEN
CPP = gcc -E
EXE =
LDCONFIG = ldconfig
LDFLAGS =
LDSHARED = gcc -shared -Wl,-soname,libz.so.1,--version-script,zlib.map
LDSHAREDLIBC = -lc
OBJC = $(OBJZ) $(OBJG)
PIC_OBJC = $(PIC_OBJZ) $(PIC_OBJG)
RANLIB = ranlib
SFLAGS = -O3 -fPIC -D_LARGEFILE64_SOURCE=1 -DHAVE_HIDDEN
SHAREDLIB = libz.so
SHAREDLIBM = libz.so.1
SHAREDLIBV = libz.so.1.2.8
STATICLIB = libz.a
TEST = all teststatic testshared test64
VER = 1.2.8
Z_U4 =
exec_prefix = ${prefix}
includedir = ${prefix}/include
libdir = ${exec_prefix}/lib
mandir = ${prefix}/share/man
prefix = /home/huanghm/work/konke_lib/zlib/zlib-1.2.8/../install
sharedlibdir = ${libdir}
uname = Linux
--------------------


--------------------
./configure --prefix=./configure --prefix=/home/huanghm/work/bulang_lib/zlib/zlib-1.2.8/../install
2019年 06月 28日 星期五 17:06:37 CST
Checking for gcc...
=== ztest127784.c ===
extern int getchar();
int hello() {return getchar();}
===
gcc -c ztest127784.c
... using gcc

Checking for obsessive-compulsive compiler options...
=== ztest127784.c ===
int foo() { return 0; }
===
gcc -c -O3 ztest127784.c

Checking for shared library support...
=== ztest127784.c ===
extern int getchar();
int hello() {return getchar();}
===
gcc -w -c -O3 -fPIC ztest127784.c
gcc -shared -Wl,-soname,libz.so.1,--version-script,zlib.map -O3 -fPIC -o ztest127784.so ztest127784.o
Building shared library libz.so.1.2.8 with gcc.

=== ztest127784.c ===
#include <sys/types.h>
off64_t dummy = 0;
===
gcc -c -O3 -D_LARGEFILE64_SOURCE=1 ztest127784.c
Checking for off64_t... Yes.
Checking for fseeko... Yes.

=== ztest127784.c ===
#include <string.h>
#include <errno.h>
int main() { return strlen(strerror(errno)); }
===
gcc -O3 -D_LARGEFILE64_SOURCE=1 -o ztest127784 ztest127784.c
Checking for strerror... Yes.

=== ztest127784.c ===
#include <unistd.h>
int main() { return 0; }
===
gcc -c -O3 -D_LARGEFILE64_SOURCE=1 ztest127784.c
Checking for unistd.h... Yes.

=== ztest127784.c ===
#include <stdarg.h>
int main() { return 0; }
===
gcc -c -O3 -D_LARGEFILE64_SOURCE=1 ztest127784.c
Checking for stdarg.h... Yes.

=== ztest127784.c ===
#include <stdio.h>
#include <stdarg.h>
#include "zconf.h"
int main()
{
#ifndef STDC
  choke me
#endif
  return 0;
}
===
gcc -c -O3 -D_LARGEFILE64_SOURCE=1 ztest127784.c
Checking whether to use vs[n]printf() or s[n]printf()... using vs[n]printf().

=== ztest127784.c ===
#include <stdio.h>
#include <stdarg.h>
int mytest(const char *fmt, ...)
{
  char buf[20];
  va_list ap;
  va_start(ap, fmt);
  vsnprintf(buf, sizeof(buf), fmt, ap);
  va_end(ap);
  return 0;
}
int main()
{
  return (mytest("Hello%d\n", 1));
}
===
gcc -O3 -D_LARGEFILE64_SOURCE=1 -o ztest127784 ztest127784.c
Checking for vsnprintf() in stdio.h... Yes.

=== ztest127784.c ===
#include <stdio.h>
#include <stdarg.h>
int mytest(const char *fmt, ...)
{
  int n;
  char buf[20];
  va_list ap;
  va_start(ap, fmt);
  n = vsnprintf(buf, sizeof(buf), fmt, ap);
  va_end(ap);
  return n;
}
int main()
{
  return (mytest("Hello%d\n", 1));
}
===
gcc -c -O3 -D_LARGEFILE64_SOURCE=1 ztest127784.c
Checking for return value of vsnprintf()... Yes.

=== ztest127784.c ===
#define ZLIB_INTERNAL __attribute__((visibility ("hidden")))
int ZLIB_INTERNAL foo;
int main()
{
  return 0;
}
===
gcc -c -O3 -D_LARGEFILE64_SOURCE=1 ztest127784.c
Checking for attribute(visibility) support... Yes.

ALL = static shared all64
AR = ar
ARFLAGS = rc
CC = gcc
CFLAGS = -O3 -D_LARGEFILE64_SOURCE=1 -DHAVE_HIDDEN
CPP = gcc -E
EXE =
LDCONFIG = ldconfig
LDFLAGS =
LDSHARED = gcc -shared -Wl,-soname,libz.so.1,--version-script,zlib.map
LDSHAREDLIBC = -lc
OBJC = $(OBJZ) $(OBJG)
PIC_OBJC = $(PIC_OBJZ) $(PIC_OBJG)
RANLIB = ranlib
SFLAGS = -O3 -fPIC -D_LARGEFILE64_SOURCE=1 -DHAVE_HIDDEN
SHAREDLIB = libz.so
SHAREDLIBM = libz.so.1
SHAREDLIBV = libz.so.1.2.8
STATICLIB = libz.a
TEST = all teststatic testshared test64
VER = 1.2.8
Z_U4 =
exec_prefix = ${prefix}
includedir = ${prefix}/include
libdir = ${exec_prefix}/lib
mandir = ${prefix}/share/man
prefix = /home/huanghm/work/bulang_lib/zlib/zlib-1.2.8/../install
sharedlibdir = ${libdir}
uname = Linux
--------------------


--------------------
./configure --prefix=./configure --prefix=/home/huanghm/work/bulang_lib/zlib/zlib-1.2.8/../install
2019年 06月 28日 星期五 17:07:44 CST
=== ztest127913.c ===
extern int getchar();
int hello() {return getchar();}
===
arm-linux-gnueabihf-gcc -c ztest127913.c
... using gcc

Checking for obsessive-compulsive compiler options...
=== ztest127913.c ===
int foo() { return 0; }
===
arm-linux-gnueabihf-gcc -c -O3 ztest127913.c

Checking for shared library support...
=== ztest127913.c ===
extern int getchar();
int hello() {return getchar();}
===
arm-linux-gnueabihf-gcc -w -c -O3 -fPIC ztest127913.c
arm-linux-gnueabihf-gcc -shared -Wl,-soname,libz.so.1,--version-script,zlib.map -O3 -fPIC -o ztest127913.so ztest127913.o
Building shared library libz.so.1.2.8 with arm-linux-gnueabihf-gcc.

=== ztest127913.c ===
#include <sys/types.h>
off64_t dummy = 0;
===
arm-linux-gnueabihf-gcc -c -O3 -D_LARGEFILE64_SOURCE=1 ztest127913.c
Checking for off64_t... Yes.
Checking for fseeko... Yes.

=== ztest127913.c ===
#include <string.h>
#include <errno.h>
int main() { return strlen(strerror(errno)); }
===
arm-linux-gnueabihf-gcc -O3 -D_LARGEFILE64_SOURCE=1 -o ztest127913 ztest127913.c
Checking for strerror... Yes.

=== ztest127913.c ===
#include <unistd.h>
int main() { return 0; }
===
arm-linux-gnueabihf-gcc -c -O3 -D_LARGEFILE64_SOURCE=1 ztest127913.c
Checking for unistd.h... Yes.

=== ztest127913.c ===
#include <stdarg.h>
int main() { return 0; }
===
arm-linux-gnueabihf-gcc -c -O3 -D_LARGEFILE64_SOURCE=1 ztest127913.c
Checking for stdarg.h... Yes.

=== ztest127913.c ===
#include <stdio.h>
#include <stdarg.h>
#include "zconf.h"
int main()
{
#ifndef STDC
  choke me
#endif
  return 0;
}
===
arm-linux-gnueabihf-gcc -c -O3 -D_LARGEFILE64_SOURCE=1 ztest127913.c
Checking whether to use vs[n]printf() or s[n]printf()... using vs[n]printf().

=== ztest127913.c ===
#include <stdio.h>
#include <stdarg.h>
int mytest(const char *fmt, ...)
{
  char buf[20];
  va_list ap;
  va_start(ap, fmt);
  vsnprintf(buf, sizeof(buf), fmt, ap);
  va_end(ap);
  return 0;
}
int main()
{
  return (mytest("Hello%d\n", 1));
}
===
arm-linux-gnueabihf-gcc -O3 -D_LARGEFILE64_SOURCE=1 -o ztest127913 ztest127913.c
Checking for vsnprintf() in stdio.h... Yes.

=== ztest127913.c ===
#include <stdio.h>
#include <stdarg.h>
int mytest(const char *fmt, ...)
{
  int n;
  char buf[20];
  va_list ap;
  va_start(ap, fmt);
  n = vsnprintf(buf, sizeof(buf), fmt, ap);
  va_end(ap);
  return n;
}
int main()
{
  return (mytest("Hello%d\n", 1));
}
===
arm-linux-gnueabihf-gcc -c -O3 -D_LARGEFILE64_SOURCE=1 ztest127913.c
Checking for return value of vsnprintf()... Yes.

=== ztest127913.c ===
#define ZLIB_INTERNAL __attribute__((visibility ("hidden")))
int ZLIB_INTERNAL foo;
int main()
{
  return 0;
}
===
arm-linux-gnueabihf-gcc -c -O3 -D_LARGEFILE64_SOURCE=1 ztest127913.c
Checking for attribute(visibility) support... Yes.

ALL = static shared all64
AR = ar
ARFLAGS = rc
CC = arm-linux-gnueabihf-gcc
CFLAGS = -O3 -D_LARGEFILE64_SOURCE=1 -DHAVE_HIDDEN
CPP = arm-linux-gnueabihf-gcc -E
EXE =
LDCONFIG = ldconfig
LDFLAGS =
LDSHARED = arm-linux-gnueabihf-gcc -shared -Wl,-soname,libz.so.1,--version-script,zlib.map
LDSHAREDLIBC = -lc
OBJC = $(OBJZ) $(OBJG)
PIC_OBJC = $(PIC_OBJZ) $(PIC_OBJG)
RANLIB = ranlib
SFLAGS = -O3 -fPIC -D_LARGEFILE64_SOURCE=1 -DHAVE_HIDDEN
SHAREDLIB = libz.so
SHAREDLIBM = libz.so.1
SHAREDLIBV = libz.so.1.2.8
STATICLIB = libz.a
TEST = all teststatic testshared test64
VER = 1.2.8
Z_U4 =
exec_prefix = ${prefix}
includedir = ${prefix}/include
libdir = ${exec_prefix}/lib
mandir = ${prefix}/share/man
prefix = /home/huanghm/work/bulang_lib/zlib/zlib-1.2.8/../install
sharedlibdir = ${libdir}
uname = Linux
--------------------


